# JRE version: OpenJDK Runtime Environment (21.0.3) (build 21.0.3+-12282718-b509.11)
# Java VM: OpenJDK 64-Bit Server VM (21.0.3+-12282718-b509.11, mixed mode, tiered, compressed oops, compressed class ptrs, g1 gc, windows-amd64)
GC Precious Log:
 CardTable entry size: 512
 Card Set container configuration: InlinePtr #cards 4 size 8 Array Of Cards #cards 16 size 48 Howl #buckets 8 coarsen threshold 3686 Howl Bitmap #cards 512 size 80 coarsen threshold 460 Card regions per heap region 1 cards per card region 4096
 CPUs: 4 total, 4 available
 Memory: 8097M
 Large Page Support: Disabled
 NUMA Support: Disabled
 Compressed Oops: Enabled (Zero based)
 Heap Region Size: 2M
 Heap Min Capacity: 8M
 Heap Initial Capacity: 128M
 Heap Max Capacity: 4G
 Pre-touch: Disabled
 Parallel Workers: 4
 Concurrent Workers: 1
 Concurrent Refinement Workers: 4
 Periodic GC: Disabled
Heap:
 garbage-first heap   total 851968K, used 462022K [0x0000000700000000, 0x0000000800000000)
  region size 2048K, 104 young (212992K), 10 survivors (20480K)
 Metaspace       used 265601K, committed 268864K, reserved 1310720K
  class space    used 33158K, committed 34752K, reserved 1048576K
GC Heap History (20 events):
Event: 687.942 GC heap before
{Heap before GC invocations=198 (full 0):
 garbage-first heap   total 835584K, used 737280K [0x0000000700000000, 0x0000000800000000)
  region size 2048K, 217 young (444416K), 6 survivors (12288K)
 Metaspace       used 259091K, committed 262208K, reserved 1310720K
  class space    used 32343K, committed 33856K, reserved 1048576K
}
Event: 687.962 GC heap after
{Heap after GC invocations=199 (full 0):
 garbage-first heap   total 835584K, used 305113K [0x0000000700000000, 0x0000000800000000)
  region size 2048K, 7 young (14336K), 7 survivors (14336K)
 Metaspace       used 259091K, committed 262208K, reserved 1310720K
  class space    used 32343K, committed 33856K, reserved 1048576K
}
Event: 2567.876 GC heap before
{Heap before GC invocations=199 (full 0):
 garbage-first heap   total 835584K, used 835545K [0x0000000700000000, 0x0000000800000000)
  region size 2048K, 55 young (112640K), 7 survivors (14336K)
 Metaspace       used 260756K, committed 263872K, reserved 1310720K
  class space    used 32574K, committed 34112K, reserved 1048576K
}
Event: 2568.409 GC heap after
{Heap after GC invocations=200 (full 0):
 garbage-first heap   total 851968K, used 267462K [0x0000000700000000, 0x0000000800000000)
  region size 2048K, 6 young (12288K), 6 survivors (12288K)
 Metaspace       used 260756K, committed 263872K, reserved 1310720K
  class space    used 32574K, committed 34112K, reserved 1048576K
}
Event: 2606.179 GC heap before
{Heap before GC invocations=200 (full 0):
 garbage-first heap   total 851968K, used 763078K [0x0000000700000000, 0x0000000800000000)
  region size 2048K, 249 young (509952K), 6 survivors (12288K)
 Metaspace       used 263242K, committed 266496K, reserved 1310720K
  class space    used 32890K, committed 34496K, reserved 1048576K
}
Event: 2606.670 GC heap after
{Heap after GC invocations=201 (full 0):
 garbage-first heap   total 851968K, used 285542K [0x0000000700000000, 0x0000000800000000)
  region size 2048K, 15 young (30720K), 15 survivors (30720K)
 Metaspace       used 263242K, committed 266496K, reserved 1310720K
  class space    used 32890K, committed 34496K, reserved 1048576K
}
Event: 2606.763 GC heap before
{Heap before GC invocations=201 (full 0):
 garbage-first heap   total 851968K, used 295782K [0x0000000700000000, 0x0000000800000000)
  region size 2048K, 20 young (40960K), 15 survivors (30720K)
 Metaspace       used 263242K, committed 266496K, reserved 1310720K
  class space    used 32890K, committed 34496K, reserved 1048576K
}
Event: 2607.486 GC heap after
{Heap after GC invocations=202 (full 0):
 garbage-first heap   total 851968K, used 290083K [0x0000000700000000, 0x0000000800000000)
  region size 2048K, 2 young (4096K), 2 survivors (4096K)
 Metaspace       used 263242K, committed 266496K, reserved 1310720K
  class space    used 32890K, committed 34496K, reserved 1048576K
}
Event: 2608.828 GC heap before
{Heap before GC invocations=202 (full 0):
 garbage-first heap   total 851968K, used 787747K [0x0000000700000000, 0x0000000800000000)
  region size 2048K, 246 young (503808K), 2 survivors (4096K)
 Metaspace       used 263242K, committed 266496K, reserved 1310720K
  class space    used 32890K, committed 34496K, reserved 1048576K
}
Event: 2608.838 GC heap after
{Heap after GC invocations=203 (full 0):
 garbage-first heap   total 851968K, used 292706K [0x0000000700000000, 0x0000000800000000)
  region size 2048K, 4 young (8192K), 4 survivors (8192K)
 Metaspace       used 263242K, committed 266496K, reserved 1310720K
  class space    used 32890K, committed 34496K, reserved 1048576K
}
Event: 2610.079 GC heap before
{Heap before GC invocations=204 (full 0):
 garbage-first heap   total 851968K, used 778082K [0x0000000700000000, 0x0000000800000000)
  region size 2048K, 249 young (509952K), 4 survivors (8192K)
 Metaspace       used 263242K, committed 266496K, reserved 1310720K
  class space    used 32890K, committed 34496K, reserved 1048576K
}
Event: 2610.099 GC heap after
{Heap after GC invocations=205 (full 0):
 garbage-first heap   total 851968K, used 278630K [0x0000000700000000, 0x0000000800000000)
  region size 2048K, 5 young (10240K), 5 survivors (10240K)
 Metaspace       used 263242K, committed 266496K, reserved 1310720K
  class space    used 32890K, committed 34496K, reserved 1048576K
}
Event: 2611.454 GC heap before
{Heap before GC invocations=205 (full 0):
 garbage-first heap   total 851968K, used 778342K [0x0000000700000000, 0x0000000800000000)
  region size 2048K, 249 young (509952K), 5 survivors (10240K)
 Metaspace       used 263242K, committed 266496K, reserved 1310720K
  class space    used 32890K, committed 34496K, reserved 1048576K
}
Event: 2611.464 GC heap after
{Heap after GC invocations=206 (full 0):
 garbage-first heap   total 851968K, used 279921K [0x0000000700000000, 0x0000000800000000)
  region size 2048K, 6 young (12288K), 6 survivors (12288K)
 Metaspace       used 263242K, committed 266496K, reserved 1310720K
  class space    used 32890K, committed 34496K, reserved 1048576K
}
Event: 2611.997 GC heap before
{Heap before GC invocations=206 (full 0):
 garbage-first heap   total 851968K, used 777585K [0x0000000700000000, 0x0000000800000000)
  region size 2048K, 250 young (512000K), 6 survivors (12288K)
 Metaspace       used 263242K, committed 266496K, reserved 1310720K
  class space    used 32890K, committed 34496K, reserved 1048576K
}
Event: 2612.011 GC heap after
{Heap after GC invocations=207 (full 0):
 garbage-first heap   total 851968K, used 270704K [0x0000000700000000, 0x0000000800000000)
  region size 2048K, 4 young (8192K), 4 survivors (8192K)
 Metaspace       used 263242K, committed 266496K, reserved 1310720K
  class space    used 32890K, committed 34496K, reserved 1048576K
}
Event: 2612.788 GC heap before
{Heap before GC invocations=207 (full 0):
 garbage-first heap   total 851968K, used 772464K [0x0000000700000000, 0x0000000800000000)
  region size 2048K, 249 young (509952K), 4 survivors (8192K)
 Metaspace       used 263242K, committed 266496K, reserved 1310720K
  class space    used 32890K, committed 34496K, reserved 1048576K
}
Event: 2612.800 GC heap after
{Heap after GC invocations=208 (full 0):
 garbage-first heap   total 851968K, used 264938K [0x0000000700000000, 0x0000000800000000)
  region size 2048K, 3 young (6144K), 3 survivors (6144K)
 Metaspace       used 263242K, committed 266496K, reserved 1310720K
  class space    used 32890K, committed 34496K, reserved 1048576K
}
Event: 2615.622 GC heap before
{Heap before GC invocations=208 (full 0):
 garbage-first heap   total 851968K, used 658154K [0x0000000700000000, 0x0000000800000000)
  region size 2048K, 197 young (403456K), 3 survivors (6144K)
 Metaspace       used 265643K, committed 268864K, reserved 1310720K
  class space    used 33177K, committed 34752K, reserved 1048576K
}
Event: 2615.644 GC heap after
{Heap after GC invocations=209 (full 0):
 garbage-first heap   total 851968K, used 279750K [0x0000000700000000, 0x0000000800000000)
  region size 2048K, 10 young (20480K), 10 survivors (20480K)
 Metaspace       used 265643K, committed 268864K, reserved 1310720K
  class space    used 33177K, committed 34752K, reserved 1048576K
}

